USER        PID %CPU %MEM    VSZ   RSS TTY      STAT START   TIME COMMAND
root          1  0.0  0.3 193916  7092 ?        Ss   14:23   0:02 /usr/lib/systemd/systemd --switched-root --system --deserialize 22
root          2  0.0  0.0      0     0 ?        S    14:23   0:00 [kthreadd]
root          4  0.0  0.0      0     0 ?        S<   14:23   0:00 [kworker/0:0H]
root          6  0.0  0.0      0     0 ?        S    14:23   0:00 [ksoftirqd/0]
root          7  0.0  0.0      0     0 ?        S    14:23   0:00 [migration/0]
root          8  0.0  0.0      0     0 ?        S    14:23   0:00 [rcu_bh]
root          9  0.0  0.0      0     0 ?        S    14:23   0:06 [rcu_sched]
root         10  0.0  0.0      0     0 ?        S<   14:23   0:00 [lru-add-drain]
root         11  0.0  0.0      0     0 ?        S    14:23   0:02 [watchdog/0]
root         12  0.0  0.0      0     0 ?        S    14:23   0:00 [watchdog/1]
root         13  0.0  0.0      0     0 ?        S    14:23   0:00 [migration/1]
root         14  0.0  0.0      0     0 ?        S    14:23   0:00 [ksoftirqd/1]
root         16  0.0  0.0      0     0 ?        S<   14:23   0:00 [kworker/1:0H]
root         17  0.0  0.0      0     0 ?        S    14:23   0:02 [watchdog/2]
root         18  0.0  0.0      0     0 ?        S    14:23   0:00 [migration/2]
root         19  0.0  0.0      0     0 ?        S    14:23   0:00 [ksoftirqd/2]
root         21  0.0  0.0      0     0 ?        S<   14:23   0:00 [kworker/2:0H]
root         22  0.0  0.0      0     0 ?        S    14:23   0:01 [watchdog/3]
root         23  0.0  0.0      0     0 ?        S    14:23   0:00 [migration/3]
root         24  0.0  0.0      0     0 ?        S    14:23   0:02 [ksoftirqd/3]
root         26  0.0  0.0      0     0 ?        S<   14:23   0:00 [kworker/3:0H]
root         28  0.0  0.0      0     0 ?        S    14:23   0:00 [kdevtmpfs]
root         29  0.0  0.0      0     0 ?        S<   14:23   0:00 [netns]
root         30  0.0  0.0      0     0 ?        S    14:23   0:00 [khungtaskd]
root         31  0.0  0.0      0     0 ?        S<   14:23   0:00 [writeback]
root         32  0.0  0.0      0     0 ?        S<   14:23   0:00 [kintegrityd]
root         33  0.0  0.0      0     0 ?        S<   14:23   0:00 [bioset]
root         34  0.0  0.0      0     0 ?        S<   14:23   0:00 [bioset]
root         35  0.0  0.0      0     0 ?        S<   14:23   0:00 [bioset]
root         36  0.0  0.0      0     0 ?        S<   14:23   0:00 [kblockd]
root         37  0.0  0.0      0     0 ?        S<   14:23   0:00 [md]
root         38  0.0  0.0      0     0 ?        S<   14:23   0:00 [edac-poller]
root         39  0.0  0.0      0     0 ?        S<   14:23   0:00 [watchdogd]
root         46  0.0  0.0      0     0 ?        S    14:23   0:00 [kswapd0]
root         47  0.0  0.0      0     0 ?        SN   14:23   0:00 [ksmd]
root         48  0.0  0.0      0     0 ?        SN   14:23   0:00 [khugepaged]
root         49  0.0  0.0      0     0 ?        S<   14:23   0:00 [crypto]
root         57  0.0  0.0      0     0 ?        S<   14:23   0:00 [kthrotld]
root         59  0.0  0.0      0     0 ?        S<   14:23   0:00 [kmpath_rdacd]
root         60  0.0  0.0      0     0 ?        S<   14:23   0:00 [kaluad]
root         62  0.0  0.0      0     0 ?        S<   14:23   0:00 [kpsmoused]
root         64  0.0  0.0      0     0 ?        S<   14:23   0:00 [ipv6_addrconf]
root         77  0.0  0.0      0     0 ?        S<   14:23   0:00 [deferwq]
root        116  0.0  0.0      0     0 ?        S    14:23   0:00 [kauditd]
root        300  0.0  0.0      0     0 ?        S<   14:23   0:00 [mpt_poll_0]
root        304  0.0  0.0      0     0 ?        S<   14:23   0:00 [mpt/0]
root        307  0.0  0.0      0     0 ?        S<   14:23   0:00 [ata_sff]
root        310  0.0  0.0      0     0 ?        S<   14:23   0:00 [nfit]
root        311  0.0  0.0      0     0 ?        S    14:23   0:00 [scsi_eh_0]
root        312  0.0  0.0      0     0 ?        S<   14:23   0:00 [scsi_tmf_0]
root        315  0.0  0.0      0     0 ?        S    14:23   0:00 [scsi_eh_1]
root        316  0.0  0.0      0     0 ?        S<   14:23   0:00 [scsi_tmf_1]
root        317  0.0  0.0      0     0 ?        S    14:23   0:00 [scsi_eh_2]
root        318  0.0  0.0      0     0 ?        S<   14:23   0:00 [scsi_tmf_2]
root        320  0.0  0.0      0     0 ?        S    14:23   0:01 [irq/16-vmwgfx]
root        321  0.0  0.0      0     0 ?        S<   14:23   0:00 [ttm_swap]
root        357  0.0  0.0      0     0 ?        S<   14:23   0:00 [kworker/0:1H]
root        398  0.0  0.0      0     0 ?        S<   14:23   0:00 [kdmflush]
root        399  0.0  0.0      0     0 ?        S<   14:23   0:00 [bioset]
root        410  0.0  0.0      0     0 ?        S<   14:23   0:00 [kdmflush]
root        411  0.0  0.0      0     0 ?        S<   14:23   0:00 [bioset]
root        424  0.0  0.0      0     0 ?        S<   14:23   0:00 [bioset]
root        425  0.0  0.0      0     0 ?        S<   14:23   0:00 [xfsalloc]
root        426  0.0  0.0      0     0 ?        S<   14:23   0:00 [xfs_mru_cache]
root        427  0.0  0.0      0     0 ?        S<   14:23   0:00 [xfs-buf/dm-0]
root        428  0.0  0.0      0     0 ?        S<   14:23   0:00 [xfs-data/dm-0]
root        429  0.0  0.0      0     0 ?        S<   14:23   0:00 [xfs-conv/dm-0]
root        430  0.0  0.0      0     0 ?        S<   14:23   0:00 [xfs-cil/dm-0]
root        431  0.0  0.0      0     0 ?        S<   14:23   0:00 [xfs-reclaim/dm-]
root        432  0.0  0.0      0     0 ?        S<   14:23   0:00 [xfs-log/dm-0]
root        433  0.0  0.0      0     0 ?        S<   14:23   0:00 [xfs-eofblocks/d]
root        434  0.0  0.0      0     0 ?        S    14:23   0:06 [xfsaild/dm-0]
root        526  0.0  0.2  39440  4824 ?        Ss   14:23   0:00 /usr/lib/systemd/systemd-journald
root        557  0.0  0.3 201116  6164 ?        Ss   14:23   0:00 /usr/sbin/lvmetad -f
root        567  0.0  0.3  50728  6716 ?        Ss   14:23   0:01 /usr/lib/systemd/systemd-udevd
root        681  0.0  0.0      0     0 ?        S<   14:23   0:00 [xfs-buf/sda1]
root        686  0.0  0.0      0     0 ?        S<   14:23   0:00 [xfs-data/sda1]
root        687  0.0  0.0      0     0 ?        S<   14:23   0:00 [xfs-conv/sda1]
root        689  0.0  0.0      0     0 ?        S<   14:23   0:00 [xfs-cil/sda1]
root        691  0.0  0.0      0     0 ?        S<   14:23   0:00 [xfs-reclaim/sda]
root        692  0.0  0.0      0     0 ?        S<   14:23   0:00 [xfs-log/sda1]
root        693  0.0  0.0      0     0 ?        S<   14:23   0:00 [xfs-eofblocks/s]
root        694  0.0  0.0      0     0 ?        S    14:23   0:00 [xfsaild/sda1]
root        695  0.0  0.0      0     0 ?        S<   14:23   0:00 [loop0]
root        697  0.0  0.0      0     0 ?        S<   14:23   0:00 [loop1]
root        700  0.0  0.0      0     0 ?        S<   14:23   0:00 [loop2]
root        704  0.0  0.0      0     0 ?        S<   14:23   0:00 [loop3]
root        707  0.0  0.0      0     0 ?        S<   14:23   0:00 [loop4]
root        710  0.0  0.0      0     0 ?        S<   14:23   0:00 [loop5]
root        758  0.0  0.0  55532   856 ?        S<sl 14:23   0:00 /sbin/auditd
root        760  0.0  0.0  84556   900 ?        S<sl 14:23   0:00 /sbin/audispd
root        762  0.0  0.1  56016  1920 ?        S<   14:23   0:00 /usr/sbin/sedispatch
root        763  0.0  0.0      0     0 ?        S<   14:23   0:00 [rpciod]
root        765  0.0  0.0      0     0 ?        S<   14:23   0:00 [xprtiod]
root        769  0.0  0.0      0     0 ?        S<   14:23   0:00 [kworker/3:1H]
root        789  0.0  0.0  16900  1396 ?        SNs  14:23   0:00 /usr/sbin/alsactl -s -n 19 -c -E ALSA_CONFIG_PATH=/etc/alsa/alsactl.conf --initfile=/lib/alsa/init/00main rdaemon
root        790  0.0  0.3 451568  6780 ?        Ssl  14:23   0:00 /usr/libexec/udisks2/udisksd
polkitd     791  0.0  0.8 617112 15604 ?        Ssl  14:23   0:02 /usr/lib/polkit-1/polkitd --no-debug
root        792  0.0  0.2 168148  5024 ?        Ss   14:23   0:00 /usr/bin/VGAuthService -s
root        793  0.1  0.2 295428  5212 ?        Ssl  14:23   0:41 /usr/bin/vmtoolsd
root        794  0.0  0.1  52792  2740 ?        Ss   14:23   0:00 /usr/sbin/smartd -n -q never
rpc         795  0.0  0.0  69256  1000 ?        Ss   14:23   0:00 /sbin/rpcbind -w
root        797  0.0  0.1  90608  3200 ?        Ss   14:23   0:03 /sbin/rngd -f
root        799  0.0  0.2 430628  5508 ?        Ssl  14:23   0:00 /usr/sbin/ModemManager
rtkit       803  0.0  0.0 198784  1804 ?        SNsl 14:23   0:00 /usr/libexec/rtkit-daemon
root        805  0.0  0.3 228396  5936 ?        Ss   14:23   0:00 /usr/sbin/abrtd -d -s
root        806  0.0  0.2 225864  4828 ?        Ss   14:23   0:00 /usr/bin/abrt-watch-log -F BUG: WARNING: at WARNING: CPU: INFO: possible recursive locking detected ernel BUG at list_del corruption list_add corruption do_IRQ: stack overflow: ear stack overflow (cur: eneral protection fault nable to handle kernel ouble fault: RTNL: assertion failed eek! page_mapcount(page) went negative! adness at NETDEV WATCHDOG ysctl table check failed : nobody cared IRQ handler type mismatch Kernel panic - not syncing: Machine Check Exception: Machine check events logged divide error: bounds: coprocessor segment overrun: invalid TSS: segment not present: invalid opcode: alignment check: stack segment: fpu exception: simd exception: iret exception: /var/log/messages -- /usr/bin/abrt-dump-oops -xtD
root        807  0.0  0.2 225864  4824 ?        Ss   14:23   0:00 /usr/bin/abrt-watch-log -F Backtrace /var/log/Xorg.0.log -- /usr/bin/abrt-dump-xorg -xD
root        808  0.0  0.2 396736  4364 ?        Ssl  14:23   0:00 /usr/libexec/accounts-daemon
root        809  0.0  0.0  21684  1320 ?        Ss   14:23   0:01 /usr/sbin/irqbalance --foreground
dbus        811  0.0  0.2  70228  4280 ?        Ssl  14:23   0:02 /usr/bin/dbus-daemon --system --address=systemd: --nofork --nopidfile --systemd-activation
root        827  0.0  0.0 201428  1256 ?        Ssl  14:23   0:00 /usr/sbin/gssproxy -D
libstor+    852  0.0  0.0   8580   824 ?        Ss   14:23   0:00 /usr/bin/lsmd -d
root        859  0.0  0.0  26440  1820 ?        Ss   14:23   0:00 /usr/lib/systemd/systemd-logind
avahi       862  0.0  0.1  62264  2284 ?        Ss   14:23   0:00 avahi-daemon: running [CentOS-7.local]
avahi       871  0.0  0.0  62140   400 ?        S    14:23   0:00 avahi-daemon: chroot helper
root        885  0.0  0.0 115408   964 ?        S    14:23   0:00 /bin/bash /usr/sbin/ksmtuned
root        891  0.0  1.5 358840 29588 ?        Ssl  14:23   0:00 /usr/bin/python2 -Es /usr/sbin/firewalld --nofork --nopid
root        944  0.0  0.6 637788 12024 ?        Ssl  14:23   0:00 /usr/sbin/NetworkManager --no-daemon
root       1040  0.0  0.0      0     0 ?        S<   14:23   0:00 [kworker/2:1H]
root       1263  0.0  0.9 574288 17472 ?        Ssl  14:23   0:03 /usr/bin/python2 -Es /usr/sbin/tuned -l -P
root       1264  0.0  0.2 112940  4320 ?        Ss   14:23   0:00 /usr/sbin/sshd -D
root       1266  0.0  0.2 198072  4436 ?        Ss   14:23   0:00 /usr/sbin/cupsd -f
root       1271  0.0  0.3 222740  6156 ?        Ssl  14:23   0:02 /usr/sbin/rsyslogd -n
root       1274  0.0  0.0  53292   576 ?        Ss   14:23   0:00 /usr/sbin/vsftpd /etc/vsftpd/vsftpd.conf
root       1275  0.0  1.0 1010840 18724 ?       Ssl  14:23   0:00 /usr/sbin/libvirtd
root       1290  0.0  0.2 481416  4688 ?        Ssl  14:23   0:00 /usr/sbin/gdm
root       1291  0.0  0.0 126384  1680 ?        Ss   14:23   0:00 /usr/sbin/crond -n
root       1292  0.0  0.0  25908   936 ?        Ss   14:23   0:00 /usr/sbin/atd -f
root       1517  0.0  0.1  91832  2264 ?        Ss   14:23   0:00 /usr/libexec/postfix/master -w
postfix    1522  0.0  0.2  92004  4116 ?        S    14:23   0:00 qmgr -l -t unix -u
root       1797  0.4  5.7 416072 107436 tty1    Ssl+ 14:23   1:35 /usr/bin/X :0 -background none -noreset -audit 4 -verbose -auth /run/gdm/auth-for-gdm-YWmOD1/database -seat seat0 -nolisten tcp vt1
root       1875  0.0  0.3 430372  7204 ?        Ssl  14:23   0:00 /usr/libexec/upowerd
root       1943  0.0  0.2 398712  4036 ?        Ssl  14:23   0:00 /usr/libexec/boltd
root       1953  0.0  0.1  78660  3352 ?        Ss   14:23   0:00 /usr/sbin/wpa_supplicant -u -f /var/log/wpa_supplicant.log -c /etc/wpa_supplicant/wpa_supplicant.conf -P /var/run/wpa_supplicant.pid
root       1954  0.0  0.5 487148 10532 ?        Ssl  14:23   0:00 /usr/libexec/packagekitd
colord     2029  0.0  0.3 419600  6240 ?        Ssl  14:23   0:00 /usr/libexec/colord
root       2099  0.0  0.3 535704  5972 ?        Sl   14:23   0:00 gdm-session-worker [pam/gdm-password]
root       2103  0.0  0.0      0     0 ?        S<   14:23   0:00 [kworker/1:1H]
linux      2112  0.0  0.2 317660  4064 ?        Sl   14:23   0:00 /usr/bin/gnome-keyring-daemon --daemonize --login
linux      2130  0.0  0.6 745468 11500 ?        Ssl  14:23   0:00 /usr/libexec/gnome-session-binary --session gnome-classic
linux      2139  0.0  0.0  59016   956 ?        S    14:23   0:00 dbus-launch --sh-syntax --exit-with-session
linux      2140  0.0  0.1  69328  2680 ?        Ssl  14:23   0:00 /usr/bin/dbus-daemon --fork --print-pid 5 --print-address 7 --session
linux      2171  0.0  0.2 286124  3976 ?        Sl   14:23   0:00 /usr/libexec/imsettings-daemon
linux      2175  0.0  0.3 388916  6180 ?        Sl   14:23   0:00 /usr/libexec/gvfsd
linux      2180  0.0  0.2 417828  5244 ?        Sl   14:23   0:00 /usr/libexec/gvfsd-fuse /run/user/1000/gvfs -f -o big_writes
linux      2262  0.0  0.0  72512   780 ?        Ss   14:23   0:00 /usr/bin/ssh-agent /bin/sh -c exec -l /bin/bash -c "env GNOME_SHELL_SESSION_MODE=classic gnome-session --session gnome-classic"
linux      2279  0.0  0.1 346776  3684 ?        Sl   14:23   0:00 /usr/libexec/at-spi-bus-launcher
linux      2284  0.0  0.1  68392  2468 ?        Sl   14:23   0:00 /usr/bin/dbus-daemon --config-file=/usr/share/defaults/at-spi2/accessibility.conf --nofork --print-address 3
linux      2287  0.0  0.2 233104  3936 ?        Sl   14:23   0:00 /usr/libexec/at-spi2-registryd --use-gnome-session
linux      2315  1.0 13.0 3808240 242568 ?      Sl   14:23   4:04 /usr/bin/gnome-shell
linux      2331  0.1  0.5 1285700 9780 ?        Sl   14:23   0:35 /usr/bin/pulseaudio --start --log-target=syslog
linux      2354  0.1  0.3 453356  5604 ?        Sl   14:23   0:43 ibus-daemon --xim --panel disable
linux      2358  0.0  0.3 376188  5784 ?        Sl   14:23   0:00 /usr/libexec/ibus-dconf
linux      2360  0.0  0.7 465108 13864 ?        Sl   14:23   0:00 /usr/libexec/ibus-x11 --kill-daemon
linux      2364  0.0  0.1 376152  3460 ?        Sl   14:23   0:00 /usr/libexec/ibus-portal
linux      2374  0.0  0.1 364920  2892 ?        Sl   14:23   0:00 /usr/libexec/xdg-permission-store
linux      2379  0.0  0.6 650056 12000 ?        Sl   14:23   0:00 /usr/libexec/gnome-shell-calendar-server
linux      2384  0.0  0.8 1444656 16756 ?       Sl   14:23   0:00 /usr/libexec/evolution-source-registry
geoclue    2394  0.0  0.8 534108 15020 ?        Ssl  14:23   0:00 /usr/libexec/geoclue -t 5
linux      2395  0.0  1.4 903016 27140 ?        Sl   14:23   0:00 /usr/libexec/goa-daemon
linux      2400  0.0  0.1 187532  2936 ?        Sl   14:23   0:00 /usr/libexec/dconf-service
linux      2410  0.0  0.5 411868  9752 ?        Sl   14:23   0:00 /usr/libexec/mission-control-5
linux      2412  0.0  0.3 416228  5772 ?        Sl   14:23   0:00 /usr/libexec/gvfs-udisks2-volume-monitor
linux      2425  0.0  0.4 527844  8188 ?        Sl   14:23   0:01 /usr/libexec/goa-identity-service
linux      2428  0.0  0.2 478704  4528 ?        Sl   14:23   0:00 /usr/libexec/gvfs-afc-volume-monitor
linux      2439  0.0  0.1 400852  3620 ?        Sl   14:23   0:00 /usr/libexec/gvfs-gphoto2-volume-monitor
linux      2445  0.0  0.1 391760  3368 ?        Sl   14:23   0:00 /usr/libexec/gvfs-mtp-volume-monitor
linux      2452  0.0  0.1 371744  3396 ?        Sl   14:23   0:00 /usr/libexec/gvfs-goa-volume-monitor
linux      2488  0.0  0.8 640236 16048 ?        Sl   14:23   0:00 /usr/libexec/gsd-power
linux      2489  0.0  0.3 439420  5732 ?        Sl   14:23   0:00 /usr/libexec/gsd-print-notifications
linux      2491  0.0  0.1 539048  3420 ?        Sl   14:23   0:00 /usr/libexec/gsd-rfkill
linux      2496  0.0  0.1 374356  3100 ?        Sl   14:23   0:00 /usr/libexec/gsd-screensaver-proxy
linux      2501  0.0  0.3 559476  5652 ?        Sl   14:23   0:00 /usr/libexec/gsd-sharing
linux      2503  0.0  0.2 455200  4896 ?        Sl   14:23   0:00 /usr/libexec/gsd-sound
linux      2506  0.0  0.8 615516 15268 ?        Sl   14:23   0:00 /usr/libexec/gsd-xsettings
linux      2510  0.0  0.8 557788 15472 ?        Sl   14:23   0:00 /usr/libexec/gsd-wacom
linux      2513  0.0  0.2 472692  5224 ?        Sl   14:23   0:00 /usr/libexec/gsd-smartcard
linux      2516  0.0  0.1 457032  3564 ?        Sl   14:23   0:00 /usr/libexec/gsd-account
linux      2528  0.0  0.1 376700  3404 ?        Sl   14:23   0:00 /usr/libexec/gsd-a11y-settings
linux      2533  0.0  0.7 464760 13672 ?        Sl   14:23   0:00 /usr/libexec/gsd-clipboard
linux      2534  0.0  0.8 714408 16104 ?        Sl   14:23   0:03 /usr/libexec/gsd-color
linux      2536  0.0  0.5 541744 10548 ?        Sl   14:23   0:00 /usr/libexec/gsd-datetime
linux      2537  0.0  0.3 463724  6296 ?        Sl   14:23   0:00 /usr/libexec/gsd-housekeeping
linux      2543  0.0  0.7 614524 13912 ?        Sl   14:23   0:00 /usr/libexec/gsd-keyboard
linux      2549  0.0  0.9 1069748 17956 ?       Sl   14:23   0:00 /usr/libexec/gsd-media-keys
linux      2551  0.0  0.2 376704  5452 ?        Sl   14:23   0:00 /usr/libexec/gsd-mouse
linux      2577  0.0  0.4 608784  7784 ?        Sl   14:23   0:00 /usr/libexec/gsd-printer
linux      2606  0.0  1.6 984800 30772 ?        Sl   14:23   0:00 nautilus-desktop --force
linux      2613  0.0  0.8 916948 16580 ?        Sl   14:23   0:00 /usr/libexec/evolution-calendar-factory
linux      2619  0.0  0.2 465040  4712 ?        Sl   14:23   0:00 /usr/libexec/gvfsd-trash --spawner :1.4 /org/gtk/gvfs/exec_spaw/0
linux      2647  0.0  1.0 1200900 20208 ?       Sl   14:23   0:00 /usr/libexec/evolution-calendar-factory-subprocess --factory all --bus-name org.gnome.evolution.dataserver.Subprocess.Backend.Calendarx2613x2 --own-path /org/gnome/evolution/dataserver/Subprocess/Backend/Calendar/2613/2
linux      2654  0.1  1.3 608636 26044 ?        Sl   14:23   0:40 /usr/bin/vmtoolsd -n vmusr
linux      2655  0.0  0.1 273068  3304 ?        Sl   14:23   0:00 /usr/libexec/gsd-disk-utility-notify
linux      2667  0.0  0.5 310192  9872 ?        S    14:23   0:00 /usr/bin/seapplet
linux      2678  0.0  0.9 530332 16988 ?        Sl   14:23   0:00 abrt-applet
linux      2681  0.0  4.1 1394592 76928 ?       Sl   14:23   0:04 /usr/bin/gnome-software --gapplication-service
linux      2684  0.0  0.8 838132 16016 ?        Sl   14:23   0:00 /usr/libexec/evolution-addressbook-factory
linux      2692  0.0  1.0 1185928 19492 ?       Sl   14:23   0:00 /usr/libexec/evolution-addressbook-factory-subprocess --factory all --bus-name org.gnome.evolution.dataserver.Subprocess.Backend.AddressBookx2684x2 --own-path /org/gnome/evolution/dataserver/Subprocess/Backend/AddressBook/2684/2
linux      2711  0.0  0.1 302516  3592 ?        Sl   14:23   0:00 /usr/libexec/ibus-engine-simple
linux      2719  0.0  0.7 734728 13232 ?        SNl  14:23   0:00 /usr/libexec/tracker-extract
linux      2730  0.0  0.5 649128 10824 ?        SNl  14:23   0:00 /usr/libexec/tracker-miner-apps
linux      2736  0.0  0.6 649520 11820 ?        SNl  14:23   0:00 /usr/libexec/tracker-miner-fs
linux      2745  0.0  0.6 562236 12148 ?        SNl  14:23   0:00 /usr/libexec/tracker-miner-user-guides
linux      2776  0.0  0.6 525216 11800 ?        Sl   14:23   0:00 /usr/libexec/tracker-store
nobody     2918  0.0  0.0  56124  1120 ?        S    14:23   0:00 /usr/sbin/dnsmasq --conf-file=/var/lib/libvirt/dnsmasq/default.conf --leasefile-ro --dhcp-script=/usr/libexec/libvirt_leaseshelper
root       2919  0.0  0.0  56096   384 ?        S    14:23   0:00 /usr/sbin/dnsmasq --conf-file=/var/lib/libvirt/dnsmasq/default.conf --leasefile-ro --dhcp-script=/usr/libexec/libvirt_leaseshelper
linux      2967  0.0  0.2 462548  4120 ?        Sl   14:23   0:00 /usr/libexec/gvfsd-burn --spawner :1.4 /org/gtk/gvfs/exec_spaw/1
root       2973  0.0  0.4 586336  8488 ?        Ssl  14:23   0:01 /usr/libexec/fwupd/fwupd
linux      2976  0.0  0.1 318084  3472 ?        Sl   14:23   0:00 /usr/libexec/gvfsd-metadata
linux      3010  0.0  1.0 335552 19768 ?        Sl   14:23   0:18 /usr/libexec/ibus-engine-libpinyin --ibus
root       3583  0.0  0.0      0     0 ?        S    14:48   0:02 [kworker/3:1]
root       5346  0.0  0.0      0     0 ?        S    15:53   0:05 [kworker/1:2]
linux      7904  0.0  0.2 467308  4900 ?        Sl   17:26   0:00 /usr/libexec/gvfsd-recent --spawner :1.4 /org/gtk/gvfs/exec_spaw/2
linux      8329  0.2  2.0 925848 37440 ?        Sl   17:53   0:25 /usr/libexec/gnome-terminal-server
linux      8338  0.0  0.0   8536   724 ?        S    17:53   0:00 gnome-pty-helper
linux      8339  0.0  0.1 117104  3712 pts/0    Ss   17:53   0:00 bash
root       8753  0.0  0.0      0     0 ?        S    18:17   0:00 [kworker/u256:2]
root      10559  0.0  0.2 102944  5540 ?        S    19:20   0:00 /sbin/dhclient -d -q -sf /usr/libexec/nm-dhcp-helper -pf /var/run/dhclient-ens33.pid -lf /var/lib/NetworkManager/dhclient-3780fdbd-6cbe-46b1-a0d2-bfae51754586-ens33.lease -cf /var/lib/NetworkManager/dhclient-ens33.conf ens33
root      11585  0.0  0.0      0     0 ?        S    19:50   0:02 [kworker/0:0]
root      12763  0.0  0.0      0     0 ?        S    20:20   0:00 [kworker/2:1]
root      12990  0.0  0.0      0     0 ?        S    20:30   0:00 [kworker/u256:0]
root      12995  0.0  0.0      0     0 ?        S    20:30   0:00 [kworker/0:2]
postfix   13022  0.0  0.2  91936  4100 ?        S    20:31   0:00 pickup -l -t unix -u
root      13134  0.0  0.0      0     0 ?        S    20:36   0:00 [kworker/2:0]
root      13159  0.0  0.0      0     0 ?        S    20:39   0:00 [kworker/1:1]
root      13184  0.0  0.0      0     0 ?        S    20:39   0:00 [kworker/3:0]
root      13228  0.0  0.0      0     0 ?        S    20:41   0:00 [kworker/2:2]
root      13254  0.0  0.0      0     0 ?        S    20:44   0:00 [kworker/1:0]
root      13262  0.0  0.0 108052   356 ?        S    20:45   0:00 sleep 60
linux     13303  0.0  0.1 155448  1868 pts/0    R+   20:46   0:00 ps aux
